{"C:\\Users\\dimab\\OneDrive\\Рабочий стол\\game_site_project\\Db_Logic\\db.js": {"path":"C:\\Users\\dimab\\OneDrive\\Рабочий стол\\game_site_project\\Db_Logic\\db.js","statementMap":{"0":{"start":{"line":1,"column":16},"end":{"line":1,"column":44}},"1":{"start":{"line":2,"column":11},"end":{"line":2,"column":43}},"2":{"start":{"line":4,"column":0},"end":{"line":8,"column":2}}},"fnMap":{},"branchMap":{},"s":{"0":1,"1":1,"2":1},"f":{},"b":{},"_coverageSchema":"1a1c01bbd47fc00a2c39e90264f33305004495a9","hash":"5ec3a98de102cdd6d0a85eb39e52d88135b1af0c"}
,"C:\\Users\\dimab\\OneDrive\\Рабочий стол\\game_site_project\\Db_Logic\\dbFunctions.js": {"path":"C:\\Users\\dimab\\OneDrive\\Рабочий стол\\game_site_project\\Db_Logic\\dbFunctions.js","statementMap":{"0":{"start":{"line":1,"column":11},"end":{"line":1,"column":26}},"1":{"start":{"line":4,"column":16},"end":{"line":4,"column":76}},"2":{"start":{"line":5,"column":2},"end":{"line":8,"column":5}},"3":{"start":{"line":6,"column":4},"end":{"line":6,"column":34}},"4":{"start":{"line":6,"column":13},"end":{"line":6,"column":34}},"5":{"start":{"line":7,"column":4},"end":{"line":7,"column":32}},"6":{"start":{"line":13,"column":16},"end":{"line":17,"column":3}},"7":{"start":{"line":18,"column":2},"end":{"line":21,"column":5}},"8":{"start":{"line":19,"column":4},"end":{"line":19,"column":34}},"9":{"start":{"line":19,"column":13},"end":{"line":19,"column":34}},"10":{"start":{"line":20,"column":4},"end":{"line":20,"column":19}},"11":{"start":{"line":25,"column":16},"end":{"line":25,"column":66}},"12":{"start":{"line":26,"column":2},"end":{"line":33,"column":5}},"13":{"start":{"line":27,"column":4},"end":{"line":27,"column":34}},"14":{"start":{"line":27,"column":13},"end":{"line":27,"column":34}},"15":{"start":{"line":28,"column":19},"end":{"line":28,"column":21}},"16":{"start":{"line":29,"column":4},"end":{"line":31,"column":7}},"17":{"start":{"line":30,"column":6},"end":{"line":30,"column":35}},"18":{"start":{"line":32,"column":4},"end":{"line":32,"column":27}},"19":{"start":{"line":37,"column":16},"end":{"line":37,"column":69}},"20":{"start":{"line":38,"column":2},"end":{"line":42,"column":5}},"21":{"start":{"line":39,"column":4},"end":{"line":39,"column":34}},"22":{"start":{"line":39,"column":13},"end":{"line":39,"column":34}},"23":{"start":{"line":40,"column":4},"end":{"line":40,"column":42}},"24":{"start":{"line":40,"column":14},"end":{"line":40,"column":42}},"25":{"start":{"line":41,"column":4},"end":{"line":41,"column":24}},"26":{"start":{"line":46,"column":16},"end":{"line":53,"column":3}},"27":{"start":{"line":54,"column":2},"end":{"line":57,"column":5}},"28":{"start":{"line":55,"column":4},"end":{"line":55,"column":34}},"29":{"start":{"line":55,"column":13},"end":{"line":55,"column":34}},"30":{"start":{"line":56,"column":4},"end":{"line":56,"column":25}},"31":{"start":{"line":61,"column":16},"end":{"line":67,"column":3}},"32":{"start":{"line":68,"column":2},"end":{"line":71,"column":5}},"33":{"start":{"line":69,"column":4},"end":{"line":69,"column":34}},"34":{"start":{"line":69,"column":13},"end":{"line":69,"column":34}},"35":{"start":{"line":70,"column":4},"end":{"line":70,"column":25}},"36":{"start":{"line":75,"column":0},"end":{"line":82,"column":2}}},"fnMap":{"0":{"name":"addUser","decl":{"start":{"line":3,"column":9},"end":{"line":3,"column":16}},"loc":{"start":{"line":3,"column":50},"end":{"line":9,"column":1}},"line":3},"1":{"name":"(anonymous_1)","decl":{"start":{"line":5,"column":41},"end":{"line":5,"column":42}},"loc":{"start":{"line":5,"column":56},"end":{"line":8,"column":3}},"line":5},"2":{"name":"setUserScore","decl":{"start":{"line":12,"column":9},"end":{"line":12,"column":21}},"loc":{"start":{"line":12,"column":53},"end":{"line":22,"column":1}},"line":12},"3":{"name":"(anonymous_3)","decl":{"start":{"line":18,"column":39},"end":{"line":18,"column":40}},"loc":{"start":{"line":18,"column":54},"end":{"line":21,"column":3}},"line":18},"4":{"name":"getUserScores","decl":{"start":{"line":24,"column":9},"end":{"line":24,"column":22}},"loc":{"start":{"line":24,"column":41},"end":{"line":34,"column":1}},"line":24},"5":{"name":"(anonymous_5)","decl":{"start":{"line":26,"column":26},"end":{"line":26,"column":27}},"loc":{"start":{"line":26,"column":41},"end":{"line":33,"column":3}},"line":26},"6":{"name":"(anonymous_6)","decl":{"start":{"line":29,"column":17},"end":{"line":29,"column":18}},"loc":{"start":{"line":29,"column":24},"end":{"line":31,"column":5}},"line":29},"7":{"name":"findUser","decl":{"start":{"line":36,"column":9},"end":{"line":36,"column":17}},"loc":{"start":{"line":36,"column":44},"end":{"line":43,"column":1}},"line":36},"8":{"name":"(anonymous_8)","decl":{"start":{"line":38,"column":34},"end":{"line":38,"column":35}},"loc":{"start":{"line":38,"column":48},"end":{"line":42,"column":3}},"line":38},"9":{"name":"getLeaderboard","decl":{"start":{"line":45,"column":9},"end":{"line":45,"column":23}},"loc":{"start":{"line":45,"column":40},"end":{"line":58,"column":1}},"line":45},"10":{"name":"(anonymous_10)","decl":{"start":{"line":54,"column":24},"end":{"line":54,"column":25}},"loc":{"start":{"line":54,"column":39},"end":{"line":57,"column":3}},"line":54},"11":{"name":"getGlobalLeaderboard","decl":{"start":{"line":60,"column":9},"end":{"line":60,"column":29}},"loc":{"start":{"line":60,"column":40},"end":{"line":72,"column":1}},"line":60},"12":{"name":"(anonymous_12)","decl":{"start":{"line":68,"column":16},"end":{"line":68,"column":17}},"loc":{"start":{"line":68,"column":31},"end":{"line":71,"column":3}},"line":68}},"branchMap":{"0":{"loc":{"start":{"line":6,"column":4},"end":{"line":6,"column":34}},"type":"if","locations":[{"start":{"line":6,"column":4},"end":{"line":6,"column":34}},{"start":{},"end":{}}],"line":6},"1":{"loc":{"start":{"line":19,"column":4},"end":{"line":19,"column":34}},"type":"if","locations":[{"start":{"line":19,"column":4},"end":{"line":19,"column":34}},{"start":{},"end":{}}],"line":19},"2":{"loc":{"start":{"line":27,"column":4},"end":{"line":27,"column":34}},"type":"if","locations":[{"start":{"line":27,"column":4},"end":{"line":27,"column":34}},{"start":{},"end":{}}],"line":27},"3":{"loc":{"start":{"line":39,"column":4},"end":{"line":39,"column":34}},"type":"if","locations":[{"start":{"line":39,"column":4},"end":{"line":39,"column":34}},{"start":{},"end":{}}],"line":39},"4":{"loc":{"start":{"line":40,"column":4},"end":{"line":40,"column":42}},"type":"if","locations":[{"start":{"line":40,"column":4},"end":{"line":40,"column":42}},{"start":{},"end":{}}],"line":40},"5":{"loc":{"start":{"line":55,"column":4},"end":{"line":55,"column":34}},"type":"if","locations":[{"start":{"line":55,"column":4},"end":{"line":55,"column":34}},{"start":{},"end":{}}],"line":55},"6":{"loc":{"start":{"line":69,"column":4},"end":{"line":69,"column":34}},"type":"if","locations":[{"start":{"line":69,"column":4},"end":{"line":69,"column":34}},{"start":{},"end":{}}],"line":69}},"s":{"0":1,"1":1,"2":1,"3":1,"4":0,"5":1,"6":1,"7":1,"8":1,"9":0,"10":1,"11":1,"12":1,"13":1,"14":0,"15":1,"16":1,"17":2,"18":1,"19":2,"20":2,"21":2,"22":0,"23":2,"24":1,"25":1,"26":1,"27":1,"28":1,"29":0,"30":1,"31":1,"32":1,"33":1,"34":0,"35":1,"36":1},"f":{"0":1,"1":1,"2":1,"3":1,"4":1,"5":1,"6":2,"7":2,"8":2,"9":1,"10":1,"11":1,"12":1},"b":{"0":[0,1],"1":[0,1],"2":[0,1],"3":[0,2],"4":[1,1],"5":[0,1],"6":[0,1]},"_coverageSchema":"1a1c01bbd47fc00a2c39e90264f33305004495a9","hash":"8238404f4f70634a67aaa82a21973f7ada652102"}
,"C:\\Users\\dimab\\OneDrive\\Рабочий стол\\game_site_project\\logic\\gameLogic.js": {"path":"C:\\Users\\dimab\\OneDrive\\Рабочий стол\\game_site_project\\logic\\gameLogic.js","statementMap":{"0":{"start":{"line":2,"column":2},"end":{"line":4,"column":4}},"1":{"start":{"line":3,"column":15},"end":{"line":3,"column":66}},"2":{"start":{"line":8,"column":2},"end":{"line":8,"column":54}},"3":{"start":{"line":12,"column":2},"end":{"line":15,"column":3}},"4":{"start":{"line":13,"column":4},"end":{"line":13,"column":21}},"5":{"start":{"line":14,"column":4},"end":{"line":14,"column":16}},"6":{"start":{"line":16,"column":2},"end":{"line":16,"column":17}},"7":{"start":{"line":20,"column":2},"end":{"line":23,"column":3}},"8":{"start":{"line":21,"column":4},"end":{"line":21,"column":21}},"9":{"start":{"line":22,"column":4},"end":{"line":22,"column":16}},"10":{"start":{"line":24,"column":2},"end":{"line":24,"column":18}},"11":{"start":{"line":27,"column":0},"end":{"line":32,"column":2}}},"fnMap":{"0":{"name":"isGameOver","decl":{"start":{"line":1,"column":9},"end":{"line":1,"column":19}},"loc":{"start":{"line":1,"column":37},"end":{"line":5,"column":1}},"line":1},"1":{"name":"(anonymous_1)","decl":{"start":{"line":3,"column":4},"end":{"line":3,"column":5}},"loc":{"start":{"line":3,"column":15},"end":{"line":3,"column":66}},"line":3},"2":{"name":"pause","decl":{"start":{"line":7,"column":9},"end":{"line":7,"column":14}},"loc":{"start":{"line":7,"column":42},"end":{"line":9,"column":1}},"line":7},"3":{"name":"checkGameWin","decl":{"start":{"line":11,"column":9},"end":{"line":11,"column":21}},"loc":{"start":{"line":11,"column":54},"end":{"line":17,"column":1}},"line":11},"4":{"name":"checkGameOver","decl":{"start":{"line":19,"column":9},"end":{"line":19,"column":22}},"loc":{"start":{"line":19,"column":64},"end":{"line":25,"column":1}},"line":19}},"branchMap":{"0":{"loc":{"start":{"line":3,"column":15},"end":{"line":3,"column":66}},"type":"binary-expr","locations":[{"start":{"line":3,"column":15},"end":{"line":3,"column":37}},{"start":{"line":3,"column":41},"end":{"line":3,"column":66}}],"line":3},"1":{"loc":{"start":{"line":8,"column":9},"end":{"line":8,"column":53}},"type":"binary-expr","locations":[{"start":{"line":8,"column":9},"end":{"line":8,"column":30}},{"start":{"line":8,"column":34},"end":{"line":8,"column":42}},{"start":{"line":8,"column":46},"end":{"line":8,"column":53}}],"line":8},"2":{"loc":{"start":{"line":12,"column":2},"end":{"line":15,"column":3}},"type":"if","locations":[{"start":{"line":12,"column":2},"end":{"line":15,"column":3}},{"start":{},"end":{}}],"line":12},"3":{"loc":{"start":{"line":12,"column":6},"end":{"line":12,"column":34}},"type":"binary-expr","locations":[{"start":{"line":12,"column":6},"end":{"line":12,"column":14}},{"start":{"line":12,"column":18},"end":{"line":12,"column":34}}],"line":12},"4":{"loc":{"start":{"line":20,"column":2},"end":{"line":23,"column":3}},"type":"if","locations":[{"start":{"line":20,"column":2},"end":{"line":23,"column":3}},{"start":{},"end":{}}],"line":20},"5":{"loc":{"start":{"line":20,"column":6},"end":{"line":20,"column":46}},"type":"binary-expr","locations":[{"start":{"line":20,"column":6},"end":{"line":20,"column":15}},{"start":{"line":20,"column":19},"end":{"line":20,"column":46}}],"line":20}},"s":{"0":4,"1":4,"2":4,"3":2,"4":1,"5":1,"6":1,"7":2,"8":1,"9":1,"10":1,"11":1},"f":{"0":4,"1":4,"2":4,"3":2,"4":2},"b":{"0":[4,2],"1":[4,3,2],"2":[1,1],"3":[2,1],"4":[1,1],"5":[2,2]},"_coverageSchema":"1a1c01bbd47fc00a2c39e90264f33305004495a9","hash":"753ed1d011c772c69fed417bc17cd76b7eb9241d"}
,"C:\\Users\\dimab\\OneDrive\\Рабочий стол\\game_site_project\\logic\\invadersLogic.js": {"path":"C:\\Users\\dimab\\OneDrive\\Рабочий стол\\game_site_project\\logic\\invadersLogic.js","statementMap":{"0":{"start":{"line":2,"column":1},"end":{"line":2,"column":42}},"1":{"start":{"line":6,"column":1},"end":{"line":6,"column":58}},"2":{"start":{"line":10,"column":1},"end":{"line":10,"column":42}},"3":{"start":{"line":14,"column":1},"end":{"line":14,"column":37}},"4":{"start":{"line":19,"column":2},"end":{"line":19,"column":72}},"5":{"start":{"line":22,"column":2},"end":{"line":22,"column":72}},"6":{"start":{"line":23,"column":1},"end":{"line":23,"column":29}},"7":{"start":{"line":28,"column":2},"end":{"line":28,"column":13}},"8":{"start":{"line":29,"column":2},"end":{"line":29,"column":13}},"9":{"start":{"line":32,"column":2},"end":{"line":32,"column":13}},"10":{"start":{"line":33,"column":2},"end":{"line":33,"column":13}},"11":{"start":{"line":39,"column":2},"end":{"line":39,"column":13}},"12":{"start":{"line":40,"column":2},"end":{"line":40,"column":13}},"13":{"start":{"line":41,"column":2},"end":{"line":41,"column":13}},"14":{"start":{"line":42,"column":2},"end":{"line":42,"column":13}},"15":{"start":{"line":45,"column":2},"end":{"line":45,"column":13}},"16":{"start":{"line":46,"column":2},"end":{"line":46,"column":13}},"17":{"start":{"line":47,"column":2},"end":{"line":47,"column":13}},"18":{"start":{"line":48,"column":2},"end":{"line":48,"column":13}},"19":{"start":{"line":52,"column":0},"end":{"line":60,"column":2}}},"fnMap":{"0":{"name":"getRandomArbitrary","decl":{"start":{"line":1,"column":9},"end":{"line":1,"column":27}},"loc":{"start":{"line":1,"column":38},"end":{"line":3,"column":1}},"line":1},"1":{"name":"getRandomInt","decl":{"start":{"line":5,"column":9},"end":{"line":5,"column":21}},"loc":{"start":{"line":5,"column":32},"end":{"line":7,"column":1}},"line":5},"2":{"name":"clamp","decl":{"start":{"line":9,"column":9},"end":{"line":9,"column":14}},"loc":{"start":{"line":9,"column":30},"end":{"line":11,"column":1}},"line":9},"3":{"name":"valueInRange","decl":{"start":{"line":13,"column":9},"end":{"line":13,"column":21}},"loc":{"start":{"line":13,"column":39},"end":{"line":15,"column":1}},"line":13},"4":{"name":"checkRectCollision","decl":{"start":{"line":17,"column":9},"end":{"line":17,"column":27}},"loc":{"start":{"line":17,"column":34},"end":{"line":24,"column":1}},"line":17},"5":{"name":"(anonymous_5)","decl":{"start":{"line":27,"column":1},"end":{"line":27,"column":2}},"loc":{"start":{"line":27,"column":27},"end":{"line":30,"column":2}},"line":27},"6":{"name":"(anonymous_6)","decl":{"start":{"line":31,"column":1},"end":{"line":31,"column":2}},"loc":{"start":{"line":31,"column":11},"end":{"line":34,"column":2}},"line":31},"7":{"name":"(anonymous_7)","decl":{"start":{"line":38,"column":1},"end":{"line":38,"column":2}},"loc":{"start":{"line":38,"column":41},"end":{"line":43,"column":2}},"line":38},"8":{"name":"(anonymous_8)","decl":{"start":{"line":44,"column":1},"end":{"line":44,"column":2}},"loc":{"start":{"line":44,"column":17},"end":{"line":49,"column":2}},"line":44}},"branchMap":{"0":{"loc":{"start":{"line":14,"column":8},"end":{"line":14,"column":36}},"type":"binary-expr","locations":[{"start":{"line":14,"column":8},"end":{"line":14,"column":20}},{"start":{"line":14,"column":24},"end":{"line":14,"column":36}}],"line":14},"1":{"loc":{"start":{"line":19,"column":2},"end":{"line":19,"column":72}},"type":"binary-expr","locations":[{"start":{"line":19,"column":2},"end":{"line":19,"column":35}},{"start":{"line":19,"column":39},"end":{"line":19,"column":72}}],"line":19},"2":{"loc":{"start":{"line":22,"column":2},"end":{"line":22,"column":72}},"type":"binary-expr","locations":[{"start":{"line":22,"column":2},"end":{"line":22,"column":35}},{"start":{"line":22,"column":39},"end":{"line":22,"column":72}}],"line":22},"3":{"loc":{"start":{"line":23,"column":8},"end":{"line":23,"column":28}},"type":"binary-expr","locations":[{"start":{"line":23,"column":8},"end":{"line":23,"column":16}},{"start":{"line":23,"column":20},"end":{"line":23,"column":28}}],"line":23},"4":{"loc":{"start":{"line":27,"column":13},"end":{"line":27,"column":18}},"type":"default-arg","locations":[{"start":{"line":27,"column":17},"end":{"line":27,"column":18}}],"line":27},"5":{"loc":{"start":{"line":27,"column":20},"end":{"line":27,"column":25}},"type":"default-arg","locations":[{"start":{"line":27,"column":24},"end":{"line":27,"column":25}}],"line":27},"6":{"loc":{"start":{"line":38,"column":13},"end":{"line":38,"column":18}},"type":"default-arg","locations":[{"start":{"line":38,"column":17},"end":{"line":38,"column":18}}],"line":38},"7":{"loc":{"start":{"line":38,"column":20},"end":{"line":38,"column":25}},"type":"default-arg","locations":[{"start":{"line":38,"column":24},"end":{"line":38,"column":25}}],"line":38},"8":{"loc":{"start":{"line":38,"column":27},"end":{"line":38,"column":32}},"type":"default-arg","locations":[{"start":{"line":38,"column":31},"end":{"line":38,"column":32}}],"line":38},"9":{"loc":{"start":{"line":38,"column":34},"end":{"line":38,"column":39}},"type":"default-arg","locations":[{"start":{"line":38,"column":38},"end":{"line":38,"column":39}}],"line":38}},"s":{"0":30,"1":10,"2":3,"3":13,"4":2,"5":2,"6":2,"7":2,"8":2,"9":1,"10":1,"11":2,"12":2,"13":2,"14":2,"15":1,"16":1,"17":1,"18":1,"19":1},"f":{"0":30,"1":10,"2":3,"3":13,"4":2,"5":2,"6":1,"7":2,"8":1},"b":{"0":[13,10],"1":[2,2],"2":[2,2],"3":[2,1],"4":[1],"5":[1],"6":[1],"7":[1],"8":[1],"9":[1]},"_coverageSchema":"1a1c01bbd47fc00a2c39e90264f33305004495a9","hash":"922727d74cfeb532fc57f5e52034e080828528ac"}
,"C:\\Users\\dimab\\OneDrive\\Рабочий стол\\game_site_project\\logic\\pacmanLogic.js": {"path":"C:\\Users\\dimab\\OneDrive\\Рабочий стол\\game_site_project\\logic\\pacmanLogic.js","statementMap":{"0":{"start":{"line":3,"column":24},"end":{"line":8,"column":1}},"1":{"start":{"line":11,"column":2},"end":{"line":13,"column":20}},"2":{"start":{"line":13,"column":4},"end":{"line":13,"column":20}},"3":{"start":{"line":15,"column":2},"end":{"line":20,"column":3}},"4":{"start":{"line":16,"column":29},"end":{"line":16,"column":43}},"5":{"start":{"line":16,"column":44},"end":{"line":16,"column":50}},"6":{"start":{"line":17,"column":31},"end":{"line":17,"column":45}},"7":{"start":{"line":17,"column":46},"end":{"line":17,"column":52}},"8":{"start":{"line":18,"column":31},"end":{"line":18,"column":45}},"9":{"start":{"line":18,"column":46},"end":{"line":18,"column":52}},"10":{"start":{"line":19,"column":32},"end":{"line":19,"column":46}},"11":{"start":{"line":19,"column":47},"end":{"line":19,"column":53}},"12":{"start":{"line":21,"column":2},"end":{"line":21,"column":18}},"13":{"start":{"line":25,"column":14},"end":{"line":25,"column":38}},"14":{"start":{"line":26,"column":14},"end":{"line":26,"column":38}},"15":{"start":{"line":27,"column":2},"end":{"line":30,"column":3}},"16":{"start":{"line":28,"column":4},"end":{"line":28,"column":22}},"17":{"start":{"line":29,"column":4},"end":{"line":29,"column":16}},"18":{"start":{"line":31,"column":2},"end":{"line":31,"column":15}},"19":{"start":{"line":35,"column":14},"end":{"line":35,"column":38}},"20":{"start":{"line":36,"column":14},"end":{"line":36,"column":38}},"21":{"start":{"line":37,"column":2},"end":{"line":40,"column":3}},"22":{"start":{"line":38,"column":4},"end":{"line":38,"column":22}},"23":{"start":{"line":39,"column":4},"end":{"line":39,"column":16}},"24":{"start":{"line":41,"column":2},"end":{"line":41,"column":15}},"25":{"start":{"line":45,"column":15},"end":{"line":45,"column":27}},"26":{"start":{"line":46,"column":2},"end":{"line":51,"column":4}},"27":{"start":{"line":55,"column":2},"end":{"line":57,"column":3}},"28":{"start":{"line":56,"column":4},"end":{"line":56,"column":17}},"29":{"start":{"line":59,"column":12},"end":{"line":59,"column":36}},"30":{"start":{"line":60,"column":12},"end":{"line":60,"column":36}},"31":{"start":{"line":62,"column":2},"end":{"line":67,"column":3}},"32":{"start":{"line":63,"column":32},"end":{"line":63,"column":41}},"33":{"start":{"line":63,"column":42},"end":{"line":63,"column":48}},"34":{"start":{"line":64,"column":31},"end":{"line":64,"column":40}},"35":{"start":{"line":64,"column":41},"end":{"line":64,"column":47}},"36":{"start":{"line":65,"column":29},"end":{"line":65,"column":38}},"37":{"start":{"line":65,"column":39},"end":{"line":65,"column":45}},"38":{"start":{"line":66,"column":31},"end":{"line":66,"column":40}},"39":{"start":{"line":66,"column":41},"end":{"line":66,"column":47}},"40":{"start":{"line":69,"column":2},"end":{"line":69,"column":41}},"41":{"start":{"line":73,"column":2},"end":{"line":73,"column":54}},"42":{"start":{"line":73,"column":35},"end":{"line":73,"column":45}},"43":{"start":{"line":76,"column":0},"end":{"line":84,"column":2}}},"fnMap":{"0":{"name":"move","decl":{"start":{"line":10,"column":9},"end":{"line":10,"column":13}},"loc":{"start":{"line":10,"column":60},"end":{"line":22,"column":1}},"line":10},"1":{"name":"eatDot","decl":{"start":{"line":24,"column":9},"end":{"line":24,"column":15}},"loc":{"start":{"line":24,"column":37},"end":{"line":32,"column":1}},"line":24},"2":{"name":"eatPowerDot","decl":{"start":{"line":34,"column":9},"end":{"line":34,"column":20}},"loc":{"start":{"line":34,"column":42},"end":{"line":42,"column":1}},"line":34},"3":{"name":"collideWithGhost","decl":{"start":{"line":44,"column":9},"end":{"line":44,"column":25}},"loc":{"start":{"line":44,"column":64},"end":{"line":52,"column":1}},"line":44},"4":{"name":"didCollideWithEnvironment","decl":{"start":{"line":54,"column":9},"end":{"line":54,"column":34}},"loc":{"start":{"line":54,"column":67},"end":{"line":70,"column":1}},"line":54},"5":{"name":"dotsLeft","decl":{"start":{"line":72,"column":9},"end":{"line":72,"column":17}},"loc":{"start":{"line":72,"column":23},"end":{"line":74,"column":1}},"line":72},"6":{"name":"(anonymous_6)","decl":{"start":{"line":73,"column":27},"end":{"line":73,"column":28}},"loc":{"start":{"line":73,"column":35},"end":{"line":73,"column":45}},"line":73}},"branchMap":{"0":{"loc":{"start":{"line":11,"column":2},"end":{"line":13,"column":20}},"type":"if","locations":[{"start":{"line":11,"column":2},"end":{"line":13,"column":20}},{"start":{},"end":{}}],"line":11},"1":{"loc":{"start":{"line":15,"column":2},"end":{"line":20,"column":3}},"type":"switch","locations":[{"start":{"line":16,"column":4},"end":{"line":16,"column":50}},{"start":{"line":17,"column":4},"end":{"line":17,"column":52}},{"start":{"line":18,"column":4},"end":{"line":18,"column":52}},{"start":{"line":19,"column":4},"end":{"line":19,"column":53}}],"line":15},"2":{"loc":{"start":{"line":27,"column":2},"end":{"line":30,"column":3}},"type":"if","locations":[{"start":{"line":27,"column":2},"end":{"line":30,"column":3}},{"start":{},"end":{}}],"line":27},"3":{"loc":{"start":{"line":37,"column":2},"end":{"line":40,"column":3}},"type":"if","locations":[{"start":{"line":37,"column":2},"end":{"line":40,"column":3}},{"start":{},"end":{}}],"line":37},"4":{"loc":{"start":{"line":47,"column":4},"end":{"line":50,"column":24}},"type":"binary-expr","locations":[{"start":{"line":47,"column":4},"end":{"line":47,"column":24}},{"start":{"line":48,"column":4},"end":{"line":48,"column":24}},{"start":{"line":49,"column":4},"end":{"line":49,"column":24}},{"start":{"line":50,"column":4},"end":{"line":50,"column":24}}],"line":47},"5":{"loc":{"start":{"line":55,"column":2},"end":{"line":57,"column":3}},"type":"if","locations":[{"start":{"line":55,"column":2},"end":{"line":57,"column":3}},{"start":{},"end":{}}],"line":55},"6":{"loc":{"start":{"line":55,"column":6},"end":{"line":55,"column":72}},"type":"binary-expr","locations":[{"start":{"line":55,"column":6},"end":{"line":55,"column":37}},{"start":{"line":55,"column":41},"end":{"line":55,"column":72}}],"line":55},"7":{"loc":{"start":{"line":62,"column":2},"end":{"line":67,"column":3}},"type":"switch","locations":[{"start":{"line":63,"column":4},"end":{"line":63,"column":48}},{"start":{"line":64,"column":4},"end":{"line":64,"column":47}},{"start":{"line":65,"column":4},"end":{"line":65,"column":45}},{"start":{"line":66,"column":4},"end":{"line":66,"column":47}}],"line":62},"8":{"loc":{"start":{"line":69,"column":9},"end":{"line":69,"column":40}},"type":"binary-expr","locations":[{"start":{"line":69,"column":9},"end":{"line":69,"column":17}},{"start":{"line":69,"column":21},"end":{"line":69,"column":40}}],"line":69}},"s":{"0":1,"1":5,"2":1,"3":4,"4":1,"5":1,"6":1,"7":1,"8":1,"9":1,"10":1,"11":1,"12":4,"13":3,"14":3,"15":3,"16":1,"17":1,"18":2,"19":3,"20":3,"21":3,"22":1,"23":1,"24":2,"25":3,"26":3,"27":4,"28":0,"29":4,"30":4,"31":4,"32":2,"33":2,"34":1,"35":1,"36":0,"37":0,"38":1,"39":1,"40":4,"41":2,"42":18,"43":1},"f":{"0":5,"1":3,"2":3,"3":3,"4":4,"5":2,"6":18},"b":{"0":[1,4],"1":[1,1,1,1],"2":[1,2],"3":[1,2],"4":[3,3,1,1],"5":[0,4],"6":[4,4],"7":[2,1,0,1],"8":[4,4]},"_coverageSchema":"1a1c01bbd47fc00a2c39e90264f33305004495a9","hash":"e550e0e183545e3f792e64847a92d08820e2c28b"}
,"C:\\Users\\dimab\\OneDrive\\Рабочий стол\\game_site_project\\logic\\pongLogic.js": {"path":"C:\\Users\\dimab\\OneDrive\\Рабочий стол\\game_site_project\\logic\\pongLogic.js","statementMap":{"0":{"start":{"line":4,"column":2},"end":{"line":18,"column":4}},"1":{"start":{"line":22,"column":2},"end":{"line":22,"column":56}},"2":{"start":{"line":22,"column":26},"end":{"line":22,"column":56}},"3":{"start":{"line":23,"column":2},"end":{"line":23,"column":84}},"4":{"start":{"line":23,"column":28},"end":{"line":23,"column":84}},"5":{"start":{"line":24,"column":2},"end":{"line":24,"column":11}},"6":{"start":{"line":28,"column":2},"end":{"line":28,"column":42}},"7":{"start":{"line":32,"column":2},"end":{"line":34,"column":3}},"8":{"start":{"line":33,"column":4},"end":{"line":33,"column":19}},"9":{"start":{"line":35,"column":2},"end":{"line":35,"column":16}},"10":{"start":{"line":39,"column":2},"end":{"line":46,"column":3}},"11":{"start":{"line":45,"column":4},"end":{"line":45,"column":19}},"12":{"start":{"line":47,"column":2},"end":{"line":47,"column":16}},"13":{"start":{"line":51,"column":2},"end":{"line":54,"column":3}},"14":{"start":{"line":52,"column":4},"end":{"line":52,"column":17}},"15":{"start":{"line":53,"column":4},"end":{"line":53,"column":52}},"16":{"start":{"line":55,"column":2},"end":{"line":58,"column":3}},"17":{"start":{"line":56,"column":4},"end":{"line":56,"column":16}},"18":{"start":{"line":57,"column":4},"end":{"line":57,"column":51}},"19":{"start":{"line":59,"column":2},"end":{"line":59,"column":47}},"20":{"start":{"line":63,"column":2},"end":{"line":68,"column":4}},"21":{"start":{"line":72,"column":2},"end":{"line":78,"column":4}},"22":{"start":{"line":81,"column":0},"end":{"line":90,"column":2}}},"fnMap":{"0":{"name":"getInitialState","decl":{"start":{"line":3,"column":9},"end":{"line":3,"column":24}},"loc":{"start":{"line":3,"column":64},"end":{"line":19,"column":1}},"line":3},"1":{"name":"movePaddle","decl":{"start":{"line":21,"column":9},"end":{"line":21,"column":19}},"loc":{"start":{"line":21,"column":69},"end":{"line":25,"column":1}},"line":21},"2":{"name":"moveBall","decl":{"start":{"line":27,"column":9},"end":{"line":27,"column":17}},"loc":{"start":{"line":27,"column":48},"end":{"line":29,"column":1}},"line":27},"3":{"name":"bounceY","decl":{"start":{"line":31,"column":9},"end":{"line":31,"column":16}},"loc":{"start":{"line":31,"column":58},"end":{"line":36,"column":1}},"line":31},"4":{"name":"paddleCollision","decl":{"start":{"line":38,"column":9},"end":{"line":38,"column":24}},"loc":{"start":{"line":38,"column":104},"end":{"line":48,"column":1}},"line":38},"5":{"name":"scoreGoal","decl":{"start":{"line":50,"column":9},"end":{"line":50,"column":18}},"loc":{"start":{"line":50,"column":74},"end":{"line":60,"column":1}},"line":50},"6":{"name":"resetBall","decl":{"start":{"line":62,"column":9},"end":{"line":62,"column":18}},"loc":{"start":{"line":62,"column":58},"end":{"line":69,"column":1}},"line":62},"7":{"name":"resetGame","decl":{"start":{"line":71,"column":9},"end":{"line":71,"column":18}},"loc":{"start":{"line":71,"column":46},"end":{"line":79,"column":1}},"line":71}},"branchMap":{"0":{"loc":{"start":{"line":3,"column":25},"end":{"line":3,"column":42}},"type":"default-arg","locations":[{"start":{"line":3,"column":39},"end":{"line":3,"column":42}}],"line":3},"1":{"loc":{"start":{"line":3,"column":44},"end":{"line":3,"column":62}},"type":"default-arg","locations":[{"start":{"line":3,"column":59},"end":{"line":3,"column":62}}],"line":3},"2":{"loc":{"start":{"line":22,"column":2},"end":{"line":22,"column":56}},"type":"if","locations":[{"start":{"line":22,"column":2},"end":{"line":22,"column":56}},{"start":{},"end":{}}],"line":22},"3":{"loc":{"start":{"line":23,"column":2},"end":{"line":23,"column":84}},"type":"if","locations":[{"start":{"line":23,"column":2},"end":{"line":23,"column":84}},{"start":{},"end":{}}],"line":23},"4":{"loc":{"start":{"line":32,"column":2},"end":{"line":34,"column":3}},"type":"if","locations":[{"start":{"line":32,"column":2},"end":{"line":34,"column":3}},{"start":{},"end":{}}],"line":32},"5":{"loc":{"start":{"line":32,"column":6},"end":{"line":32,"column":65}},"type":"binary-expr","locations":[{"start":{"line":32,"column":6},"end":{"line":32,"column":39}},{"start":{"line":32,"column":43},"end":{"line":32,"column":65}}],"line":32},"6":{"loc":{"start":{"line":39,"column":2},"end":{"line":46,"column":3}},"type":"if","locations":[{"start":{"line":39,"column":2},"end":{"line":46,"column":3}},{"start":{},"end":{}}],"line":39},"7":{"loc":{"start":{"line":40,"column":4},"end":{"line":43,"column":34}},"type":"binary-expr","locations":[{"start":{"line":40,"column":4},"end":{"line":40,"column":46}},{"start":{"line":41,"column":4},"end":{"line":41,"column":32}},{"start":{"line":42,"column":4},"end":{"line":42,"column":19}},{"start":{"line":43,"column":4},"end":{"line":43,"column":34}}],"line":40},"8":{"loc":{"start":{"line":51,"column":2},"end":{"line":54,"column":3}},"type":"if","locations":[{"start":{"line":51,"column":2},"end":{"line":54,"column":3}},{"start":{},"end":{}}],"line":51},"9":{"loc":{"start":{"line":55,"column":2},"end":{"line":58,"column":3}},"type":"if","locations":[{"start":{"line":55,"column":2},"end":{"line":58,"column":3}},{"start":{},"end":{}}],"line":55}},"s":{"0":1,"1":4,"2":2,"3":2,"4":2,"5":0,"6":1,"7":3,"8":2,"9":1,"10":2,"11":1,"12":1,"13":2,"14":1,"15":1,"16":1,"17":1,"18":1,"19":0,"20":2,"21":1,"22":1},"f":{"0":1,"1":4,"2":1,"3":3,"4":2,"5":2,"6":2,"7":1},"b":{"0":[0],"1":[0],"2":[2,2],"3":[2,0],"4":[2,1],"5":[3,2],"6":[1,1],"7":[2,1,1,1],"8":[1,1],"9":[1,0]},"_coverageSchema":"1a1c01bbd47fc00a2c39e90264f33305004495a9","hash":"5339a986d2dcd4695e5c83d259161338f3dcb8f5"}
,"C:\\Users\\dimab\\OneDrive\\Рабочий стол\\game_site_project\\logic\\snakeLogic.js": {"path":"C:\\Users\\dimab\\OneDrive\\Рабочий стол\\game_site_project\\logic\\snakeLogic.js","statementMap":{"0":{"start":{"line":2,"column":1},"end":{"line":2,"column":54}},"1":{"start":{"line":6,"column":1},"end":{"line":6,"column":21}},"2":{"start":{"line":7,"column":1},"end":{"line":7,"column":21}},"3":{"start":{"line":8,"column":1},"end":{"line":8,"column":14}},"4":{"start":{"line":12,"column":1},"end":{"line":16,"column":2}},"5":{"start":{"line":13,"column":2},"end":{"line":13,"column":31}},"6":{"start":{"line":14,"column":8},"end":{"line":16,"column":2}},"7":{"start":{"line":15,"column":2},"end":{"line":15,"column":14}},"8":{"start":{"line":17,"column":1},"end":{"line":21,"column":2}},"9":{"start":{"line":18,"column":2},"end":{"line":18,"column":32}},"10":{"start":{"line":19,"column":8},"end":{"line":21,"column":2}},"11":{"start":{"line":20,"column":2},"end":{"line":20,"column":14}},"12":{"start":{"line":22,"column":1},"end":{"line":22,"column":14}},"13":{"start":{"line":26,"column":1},"end":{"line":31,"column":2}},"14":{"start":{"line":27,"column":2},"end":{"line":27,"column":19}},"15":{"start":{"line":28,"column":2},"end":{"line":28,"column":43}},"16":{"start":{"line":29,"column":2},"end":{"line":29,"column":43}},"17":{"start":{"line":30,"column":2},"end":{"line":30,"column":14}},"18":{"start":{"line":32,"column":1},"end":{"line":32,"column":14}},"19":{"start":{"line":36,"column":1},"end":{"line":40,"column":2}},"20":{"start":{"line":36,"column":14},"end":{"line":36,"column":15}},"21":{"start":{"line":37,"column":2},"end":{"line":39,"column":3}},"22":{"start":{"line":38,"column":3},"end":{"line":38,"column":15}},"23":{"start":{"line":41,"column":1},"end":{"line":41,"column":14}},"24":{"start":{"line":45,"column":1},"end":{"line":52,"column":3}},"25":{"start":{"line":55,"column":0},"end":{"line":62,"column":2}}},"fnMap":{"0":{"name":"getRandomInt","decl":{"start":{"line":1,"column":9},"end":{"line":1,"column":21}},"loc":{"start":{"line":1,"column":32},"end":{"line":3,"column":1}},"line":1},"1":{"name":"moveSnake","decl":{"start":{"line":5,"column":9},"end":{"line":5,"column":18}},"loc":{"start":{"line":5,"column":32},"end":{"line":9,"column":1}},"line":5},"2":{"name":"wrapSnake","decl":{"start":{"line":11,"column":9},"end":{"line":11,"column":18}},"loc":{"start":{"line":11,"column":59},"end":{"line":23,"column":1}},"line":11},"3":{"name":"eatFood","decl":{"start":{"line":25,"column":9},"end":{"line":25,"column":16}},"loc":{"start":{"line":25,"column":45},"end":{"line":33,"column":1}},"line":25},"4":{"name":"checkSelfCollision","decl":{"start":{"line":35,"column":9},"end":{"line":35,"column":27}},"loc":{"start":{"line":35,"column":35},"end":{"line":42,"column":1}},"line":35},"5":{"name":"resetSnake","decl":{"start":{"line":44,"column":9},"end":{"line":44,"column":19}},"loc":{"start":{"line":44,"column":26},"end":{"line":53,"column":1}},"line":44}},"branchMap":{"0":{"loc":{"start":{"line":12,"column":1},"end":{"line":16,"column":2}},"type":"if","locations":[{"start":{"line":12,"column":1},"end":{"line":16,"column":2}},{"start":{"line":14,"column":8},"end":{"line":16,"column":2}}],"line":12},"1":{"loc":{"start":{"line":14,"column":8},"end":{"line":16,"column":2}},"type":"if","locations":[{"start":{"line":14,"column":8},"end":{"line":16,"column":2}},{"start":{},"end":{}}],"line":14},"2":{"loc":{"start":{"line":17,"column":1},"end":{"line":21,"column":2}},"type":"if","locations":[{"start":{"line":17,"column":1},"end":{"line":21,"column":2}},{"start":{"line":19,"column":8},"end":{"line":21,"column":2}}],"line":17},"3":{"loc":{"start":{"line":19,"column":8},"end":{"line":21,"column":2}},"type":"if","locations":[{"start":{"line":19,"column":8},"end":{"line":21,"column":2}},{"start":{},"end":{}}],"line":19},"4":{"loc":{"start":{"line":26,"column":1},"end":{"line":31,"column":2}},"type":"if","locations":[{"start":{"line":26,"column":1},"end":{"line":31,"column":2}},{"start":{},"end":{}}],"line":26},"5":{"loc":{"start":{"line":26,"column":5},"end":{"line":26,"column":45}},"type":"binary-expr","locations":[{"start":{"line":26,"column":5},"end":{"line":26,"column":23}},{"start":{"line":26,"column":27},"end":{"line":26,"column":45}}],"line":26},"6":{"loc":{"start":{"line":37,"column":2},"end":{"line":39,"column":3}},"type":"if","locations":[{"start":{"line":37,"column":2},"end":{"line":39,"column":3}},{"start":{},"end":{}}],"line":37},"7":{"loc":{"start":{"line":37,"column":6},"end":{"line":37,"column":66}},"type":"binary-expr","locations":[{"start":{"line":37,"column":6},"end":{"line":37,"column":34}},{"start":{"line":37,"column":38},"end":{"line":37,"column":66}}],"line":37}},"s":{"0":14,"1":1,"2":1,"3":1,"4":4,"5":1,"6":3,"7":1,"8":4,"9":1,"10":3,"11":1,"12":4,"13":3,"14":2,"15":2,"16":2,"17":2,"18":1,"19":2,"20":2,"21":4,"22":1,"23":1,"24":1,"25":1},"f":{"0":14,"1":1,"2":4,"3":3,"4":2,"5":1},"b":{"0":[1,3],"1":[1,2],"2":[1,3],"3":[1,2],"4":[2,1],"5":[3,2],"6":[1,3],"7":[4,4]},"_coverageSchema":"1a1c01bbd47fc00a2c39e90264f33305004495a9","hash":"eb2e456e423ed5591c6791b09005c8507363485a"}
,"C:\\Users\\dimab\\OneDrive\\Рабочий стол\\game_site_project\\middleware\\auth.js": {"path":"C:\\Users\\dimab\\OneDrive\\Рабочий стол\\game_site_project\\middleware\\auth.js","statementMap":{"0":{"start":{"line":1,"column":12},"end":{"line":1,"column":35}},"1":{"start":{"line":2,"column":17},"end":{"line":2,"column":37}},"2":{"start":{"line":4,"column":13},"end":{"line":20,"column":1}},"3":{"start":{"line":5,"column":2},"end":{"line":19,"column":3}},"4":{"start":{"line":6,"column":18},"end":{"line":6,"column":68}},"5":{"start":{"line":7,"column":20},"end":{"line":7,"column":61}},"6":{"start":{"line":8,"column":17},"end":{"line":8,"column":48}},"7":{"start":{"line":10,"column":4},"end":{"line":12,"column":5}},"8":{"start":{"line":11,"column":6},"end":{"line":11,"column":24}},"9":{"start":{"line":14,"column":4},"end":{"line":14,"column":20}},"10":{"start":{"line":15,"column":4},"end":{"line":15,"column":22}},"11":{"start":{"line":16,"column":4},"end":{"line":16,"column":11}},"12":{"start":{"line":18,"column":4},"end":{"line":18,"column":61}},"13":{"start":{"line":22,"column":0},"end":{"line":22,"column":22}}},"fnMap":{"0":{"name":"(anonymous_0)","decl":{"start":{"line":4,"column":13},"end":{"line":4,"column":14}},"loc":{"start":{"line":4,"column":39},"end":{"line":20,"column":1}},"line":4}},"branchMap":{"0":{"loc":{"start":{"line":10,"column":4},"end":{"line":12,"column":5}},"type":"if","locations":[{"start":{"line":10,"column":4},"end":{"line":12,"column":5}},{"start":{},"end":{}}],"line":10}},"s":{"0":1,"1":1,"2":1,"3":3,"4":3,"5":3,"6":2,"7":2,"8":1,"9":1,"10":1,"11":1,"12":2,"13":1},"f":{"0":3},"b":{"0":[1,1]},"_coverageSchema":"1a1c01bbd47fc00a2c39e90264f33305004495a9","hash":"461765327cb22b40fca68e785be43dd296ee7abd"}
,"C:\\Users\\dimab\\OneDrive\\Рабочий стол\\game_site_project\\public\\js\\auth-client.js": {"path":"C:\\Users\\dimab\\OneDrive\\Рабочий стол\\game_site_project\\public\\js\\auth-client.js","statementMap":{"0":{"start":{"line":3,"column":2},"end":{"line":26,"column":3}},"1":{"start":{"line":4,"column":21},"end":{"line":10,"column":6}},"2":{"start":{"line":12,"column":17},"end":{"line":12,"column":38}},"3":{"start":{"line":14,"column":4},"end":{"line":16,"column":5}},"4":{"start":{"line":15,"column":6},"end":{"line":15,"column":61}},"5":{"start":{"line":19,"column":4},"end":{"line":19,"column":46}},"6":{"start":{"line":20,"column":4},"end":{"line":20,"column":60}},"7":{"start":{"line":22,"column":4},"end":{"line":22,"column":16}},"8":{"start":{"line":24,"column":4},"end":{"line":24,"column":48}},"9":{"start":{"line":25,"column":4},"end":{"line":25,"column":16}},"10":{"start":{"line":31,"column":2},"end":{"line":54,"column":3}},"11":{"start":{"line":32,"column":21},"end":{"line":38,"column":6}},"12":{"start":{"line":40,"column":17},"end":{"line":40,"column":38}},"13":{"start":{"line":42,"column":4},"end":{"line":44,"column":5}},"14":{"start":{"line":43,"column":6},"end":{"line":43,"column":54}},"15":{"start":{"line":47,"column":4},"end":{"line":47,"column":46}},"16":{"start":{"line":48,"column":4},"end":{"line":48,"column":60}},"17":{"start":{"line":50,"column":4},"end":{"line":50,"column":16}},"18":{"start":{"line":52,"column":4},"end":{"line":52,"column":41}},"19":{"start":{"line":53,"column":4},"end":{"line":53,"column":16}},"20":{"start":{"line":58,"column":2},"end":{"line":81,"column":3}},"21":{"start":{"line":59,"column":18},"end":{"line":59,"column":47}},"22":{"start":{"line":60,"column":4},"end":{"line":60,"column":58}},"23":{"start":{"line":60,"column":16},"end":{"line":60,"column":58}},"24":{"start":{"line":62,"column":21},"end":{"line":69,"column":6}},"25":{"start":{"line":71,"column":17},"end":{"line":71,"column":38}},"26":{"start":{"line":73,"column":4},"end":{"line":75,"column":5}},"27":{"start":{"line":74,"column":6},"end":{"line":74,"column":64}},"28":{"start":{"line":77,"column":4},"end":{"line":77,"column":16}},"29":{"start":{"line":79,"column":4},"end":{"line":79,"column":48}},"30":{"start":{"line":80,"column":4},"end":{"line":80,"column":16}},"31":{"start":{"line":87,"column":2},"end":{"line":87,"column":48}},"32":{"start":{"line":92,"column":15},"end":{"line":92,"column":43}},"33":{"start":{"line":93,"column":2},"end":{"line":93,"column":40}},"34":{"start":{"line":98,"column":2},"end":{"line":98,"column":35}},"35":{"start":{"line":99,"column":2},"end":{"line":99,"column":34}},"36":{"start":{"line":100,"column":2},"end":{"line":100,"column":44}},"37":{"start":{"line":105,"column":2},"end":{"line":105,"column":39}},"38":{"start":{"line":108,"column":0},"end":{"line":116,"column":2}}},"fnMap":{"0":{"name":"registerUser","decl":{"start":{"line":2,"column":15},"end":{"line":2,"column":27}},"loc":{"start":{"line":2,"column":55},"end":{"line":27,"column":1}},"line":2},"1":{"name":"loginUser","decl":{"start":{"line":30,"column":15},"end":{"line":30,"column":24}},"loc":{"start":{"line":30,"column":45},"end":{"line":55,"column":1}},"line":30},"2":{"name":"deleteUsers","decl":{"start":{"line":57,"column":15},"end":{"line":57,"column":26}},"loc":{"start":{"line":57,"column":36},"end":{"line":82,"column":1}},"line":57},"3":{"name":"isLoggedIn","decl":{"start":{"line":86,"column":9},"end":{"line":86,"column":19}},"loc":{"start":{"line":86,"column":22},"end":{"line":88,"column":1}},"line":86},"4":{"name":"getCurrentUser","decl":{"start":{"line":91,"column":9},"end":{"line":91,"column":23}},"loc":{"start":{"line":91,"column":26},"end":{"line":94,"column":1}},"line":91},"5":{"name":"logoutUser","decl":{"start":{"line":97,"column":9},"end":{"line":97,"column":19}},"loc":{"start":{"line":97,"column":22},"end":{"line":101,"column":1}},"line":97},"6":{"name":"getToken","decl":{"start":{"line":104,"column":9},"end":{"line":104,"column":17}},"loc":{"start":{"line":104,"column":20},"end":{"line":106,"column":1}},"line":104}},"branchMap":{"0":{"loc":{"start":{"line":14,"column":4},"end":{"line":16,"column":5}},"type":"if","locations":[{"start":{"line":14,"column":4},"end":{"line":16,"column":5}},{"start":{},"end":{}}],"line":14},"1":{"loc":{"start":{"line":15,"column":22},"end":{"line":15,"column":59}},"type":"binary-expr","locations":[{"start":{"line":15,"column":22},"end":{"line":15,"column":34}},{"start":{"line":15,"column":38},"end":{"line":15,"column":59}}],"line":15},"2":{"loc":{"start":{"line":42,"column":4},"end":{"line":44,"column":5}},"type":"if","locations":[{"start":{"line":42,"column":4},"end":{"line":44,"column":5}},{"start":{},"end":{}}],"line":42},"3":{"loc":{"start":{"line":43,"column":22},"end":{"line":43,"column":52}},"type":"binary-expr","locations":[{"start":{"line":43,"column":22},"end":{"line":43,"column":34}},{"start":{"line":43,"column":38},"end":{"line":43,"column":52}}],"line":43},"4":{"loc":{"start":{"line":60,"column":4},"end":{"line":60,"column":58}},"type":"if","locations":[{"start":{"line":60,"column":4},"end":{"line":60,"column":58}},{"start":{},"end":{}}],"line":60},"5":{"loc":{"start":{"line":73,"column":4},"end":{"line":75,"column":5}},"type":"if","locations":[{"start":{"line":73,"column":4},"end":{"line":75,"column":5}},{"start":{},"end":{}}],"line":73},"6":{"loc":{"start":{"line":74,"column":22},"end":{"line":74,"column":62}},"type":"binary-expr","locations":[{"start":{"line":74,"column":22},"end":{"line":74,"column":34}},{"start":{"line":74,"column":38},"end":{"line":74,"column":62}}],"line":74},"7":{"loc":{"start":{"line":93,"column":9},"end":{"line":93,"column":39}},"type":"cond-expr","locations":[{"start":{"line":93,"column":16},"end":{"line":93,"column":32}},{"start":{"line":93,"column":35},"end":{"line":93,"column":39}}],"line":93}},"s":{"0":2,"1":2,"2":2,"3":2,"4":1,"5":1,"6":1,"7":1,"8":1,"9":1,"10":2,"11":2,"12":2,"13":2,"14":1,"15":1,"16":1,"17":1,"18":1,"19":1,"20":0,"21":0,"22":0,"23":0,"24":0,"25":0,"26":0,"27":0,"28":0,"29":0,"30":0,"31":2,"32":2,"33":2,"34":1,"35":1,"36":1,"37":2,"38":1},"f":{"0":2,"1":2,"2":0,"3":2,"4":2,"5":1,"6":2},"b":{"0":[1,1],"1":[1,0],"2":[1,1],"3":[1,0],"4":[0,0],"5":[0,0],"6":[0,0],"7":[1,1]},"_coverageSchema":"1a1c01bbd47fc00a2c39e90264f33305004495a9","hash":"0abb6464e79e4c42852d1537167bf7444f391712"}
}
