TN:
SF:Db_Logic\db.js
FNF:0
FNH:0
DA:1,1
DA:2,1
DA:4,1
LF:3
LH:3
BRF:0
BRH:0
end_of_record
TN:
SF:Db_Logic\dbFunctions.js
FN:3,addUser
FN:5,(anonymous_1)
FN:12,setUserScore
FN:18,(anonymous_3)
FN:24,getUserScores
FN:26,(anonymous_5)
FN:29,(anonymous_6)
FN:36,findUser
FN:38,(anonymous_8)
FN:45,getLeaderboard
FN:54,(anonymous_10)
FN:60,getGlobalLeaderboard
FN:68,(anonymous_12)
FNF:13
FNH:13
FNDA:1,addUser
FNDA:1,(anonymous_1)
FNDA:1,setUserScore
FNDA:1,(anonymous_3)
FNDA:1,getUserScores
FNDA:1,(anonymous_5)
FNDA:2,(anonymous_6)
FNDA:2,findUser
FNDA:2,(anonymous_8)
FNDA:1,getLeaderboard
FNDA:1,(anonymous_10)
FNDA:1,getGlobalLeaderboard
FNDA:1,(anonymous_12)
DA:1,1
DA:4,1
DA:5,1
DA:6,1
DA:7,1
DA:13,1
DA:18,1
DA:19,1
DA:20,1
DA:25,1
DA:26,1
DA:27,1
DA:28,1
DA:29,1
DA:30,2
DA:32,1
DA:37,2
DA:38,2
DA:39,2
DA:40,2
DA:41,1
DA:46,1
DA:54,1
DA:55,1
DA:56,1
DA:61,1
DA:68,1
DA:69,1
DA:70,1
DA:75,1
LF:30
LH:30
BRDA:6,0,0,0
BRDA:6,0,1,1
BRDA:19,1,0,0
BRDA:19,1,1,1
BRDA:27,2,0,0
BRDA:27,2,1,1
BRDA:39,3,0,0
BRDA:39,3,1,2
BRDA:40,4,0,1
BRDA:40,4,1,1
BRDA:55,5,0,0
BRDA:55,5,1,1
BRDA:69,6,0,0
BRDA:69,6,1,1
BRF:14
BRH:8
end_of_record
TN:
SF:logic\gameLogic.js
FN:1,isGameOver
FN:3,(anonymous_1)
FN:7,pause
FN:11,checkGameWin
FN:19,checkGameOver
FNF:5
FNH:5
FNDA:4,isGameOver
FNDA:4,(anonymous_1)
FNDA:4,pause
FNDA:2,checkGameWin
FNDA:2,checkGameOver
DA:2,4
DA:3,4
DA:8,4
DA:12,2
DA:13,1
DA:14,1
DA:16,1
DA:20,2
DA:21,1
DA:22,1
DA:24,1
DA:27,1
LF:12
LH:12
BRDA:3,0,0,4
BRDA:3,0,1,2
BRDA:8,1,0,4
BRDA:8,1,1,3
BRDA:8,1,2,2
BRDA:12,2,0,1
BRDA:12,2,1,1
BRDA:12,3,0,2
BRDA:12,3,1,1
BRDA:20,4,0,1
BRDA:20,4,1,1
BRDA:20,5,0,2
BRDA:20,5,1,2
BRF:13
BRH:13
end_of_record
TN:
SF:logic\invadersLogic.js
FN:1,getRandomArbitrary
FN:5,getRandomInt
FN:9,clamp
FN:13,valueInRange
FN:17,checkRectCollision
FN:27,(anonymous_5)
FN:31,(anonymous_6)
FN:38,(anonymous_7)
FN:44,(anonymous_8)
FNF:9
FNH:9
FNDA:30,getRandomArbitrary
FNDA:10,getRandomInt
FNDA:3,clamp
FNDA:13,valueInRange
FNDA:2,checkRectCollision
FNDA:2,(anonymous_5)
FNDA:1,(anonymous_6)
FNDA:2,(anonymous_7)
FNDA:1,(anonymous_8)
DA:2,30
DA:6,10
DA:10,3
DA:14,13
DA:19,2
DA:22,2
DA:23,2
DA:28,2
DA:29,2
DA:32,1
DA:33,1
DA:39,2
DA:40,2
DA:41,2
DA:42,2
DA:45,1
DA:46,1
DA:47,1
DA:48,1
DA:52,1
LF:20
LH:20
BRDA:14,0,0,13
BRDA:14,0,1,10
BRDA:19,1,0,2
BRDA:19,1,1,2
BRDA:22,2,0,2
BRDA:22,2,1,2
BRDA:23,3,0,2
BRDA:23,3,1,1
BRDA:27,4,0,1
BRDA:27,5,0,1
BRDA:38,6,0,1
BRDA:38,7,0,1
BRDA:38,8,0,1
BRDA:38,9,0,1
BRF:14
BRH:14
end_of_record
TN:
SF:logic\pacmanLogic.js
FN:10,move
FN:24,eatDot
FN:34,eatPowerDot
FN:44,collideWithGhost
FN:54,didCollideWithEnvironment
FN:72,dotsLeft
FN:73,(anonymous_6)
FNF:7
FNH:7
FNDA:5,move
FNDA:3,eatDot
FNDA:3,eatPowerDot
FNDA:3,collideWithGhost
FNDA:4,didCollideWithEnvironment
FNDA:2,dotsLeft
FNDA:18,(anonymous_6)
DA:3,1
DA:11,5
DA:13,1
DA:15,4
DA:16,1
DA:17,1
DA:18,1
DA:19,1
DA:21,4
DA:25,3
DA:26,3
DA:27,3
DA:28,1
DA:29,1
DA:31,2
DA:35,3
DA:36,3
DA:37,3
DA:38,1
DA:39,1
DA:41,2
DA:45,3
DA:46,3
DA:55,4
DA:56,0
DA:59,4
DA:60,4
DA:62,4
DA:63,2
DA:64,1
DA:65,0
DA:66,1
DA:69,4
DA:73,18
DA:76,1
LF:35
LH:33
BRDA:11,0,0,1
BRDA:11,0,1,4
BRDA:15,1,0,1
BRDA:15,1,1,1
BRDA:15,1,2,1
BRDA:15,1,3,1
BRDA:27,2,0,1
BRDA:27,2,1,2
BRDA:37,3,0,1
BRDA:37,3,1,2
BRDA:47,4,0,3
BRDA:47,4,1,3
BRDA:47,4,2,1
BRDA:47,4,3,1
BRDA:55,5,0,0
BRDA:55,5,1,4
BRDA:55,6,0,4
BRDA:55,6,1,4
BRDA:62,7,0,2
BRDA:62,7,1,1
BRDA:62,7,2,0
BRDA:62,7,3,1
BRDA:69,8,0,4
BRDA:69,8,1,4
BRF:24
BRH:22
end_of_record
TN:
SF:logic\pongLogic.js
FN:3,getInitialState
FN:21,movePaddle
FN:27,moveBall
FN:31,bounceY
FN:38,paddleCollision
FN:50,scoreGoal
FN:62,resetBall
FN:71,resetGame
FNF:8
FNH:8
FNDA:1,getInitialState
FNDA:4,movePaddle
FNDA:1,moveBall
FNDA:3,bounceY
FNDA:2,paddleCollision
FNDA:2,scoreGoal
FNDA:2,resetBall
FNDA:1,resetGame
DA:4,1
DA:22,4
DA:23,2
DA:24,0
DA:28,1
DA:32,3
DA:33,2
DA:35,1
DA:39,2
DA:45,1
DA:47,1
DA:51,2
DA:52,1
DA:53,1
DA:55,1
DA:56,1
DA:57,1
DA:59,0
DA:63,2
DA:72,1
DA:81,1
LF:21
LH:19
BRDA:3,0,0,0
BRDA:3,1,0,0
BRDA:22,2,0,2
BRDA:22,2,1,2
BRDA:23,3,0,2
BRDA:23,3,1,0
BRDA:32,4,0,2
BRDA:32,4,1,1
BRDA:32,5,0,3
BRDA:32,5,1,2
BRDA:39,6,0,1
BRDA:39,6,1,1
BRDA:40,7,0,2
BRDA:40,7,1,1
BRDA:40,7,2,1
BRDA:40,7,3,1
BRDA:51,8,0,1
BRDA:51,8,1,1
BRDA:55,9,0,1
BRDA:55,9,1,0
BRF:20
BRH:16
end_of_record
TN:
SF:logic\snakeLogic.js
FN:1,getRandomInt
FN:5,moveSnake
FN:11,wrapSnake
FN:25,eatFood
FN:35,checkSelfCollision
FN:44,resetSnake
FNF:6
FNH:6
FNDA:14,getRandomInt
FNDA:1,moveSnake
FNDA:4,wrapSnake
FNDA:3,eatFood
FNDA:2,checkSelfCollision
FNDA:1,resetSnake
DA:2,14
DA:6,1
DA:7,1
DA:8,1
DA:12,4
DA:13,1
DA:14,3
DA:15,1
DA:17,4
DA:18,1
DA:19,3
DA:20,1
DA:22,4
DA:26,3
DA:27,2
DA:28,2
DA:29,2
DA:30,2
DA:32,1
DA:36,2
DA:37,4
DA:38,1
DA:41,1
DA:45,1
DA:55,1
LF:25
LH:25
BRDA:12,0,0,1
BRDA:12,0,1,3
BRDA:14,1,0,1
BRDA:14,1,1,2
BRDA:17,2,0,1
BRDA:17,2,1,3
BRDA:19,3,0,1
BRDA:19,3,1,2
BRDA:26,4,0,2
BRDA:26,4,1,1
BRDA:26,5,0,3
BRDA:26,5,1,2
BRDA:37,6,0,1
BRDA:37,6,1,3
BRDA:37,7,0,4
BRDA:37,7,1,4
BRF:16
BRH:16
end_of_record
TN:
SF:middleware\auth.js
FN:4,(anonymous_0)
FNF:1
FNH:1
FNDA:3,(anonymous_0)
DA:1,1
DA:2,1
DA:4,1
DA:5,3
DA:6,3
DA:7,3
DA:8,2
DA:10,2
DA:11,1
DA:14,1
DA:15,1
DA:16,1
DA:18,2
DA:22,1
LF:14
LH:14
BRDA:10,0,0,1
BRDA:10,0,1,1
BRF:2
BRH:2
end_of_record
TN:
SF:public\js\auth-client.js
FN:2,registerUser
FN:30,loginUser
FN:57,deleteUsers
FN:86,isLoggedIn
FN:91,getCurrentUser
FN:97,logoutUser
FN:104,getToken
FNF:7
FNH:6
FNDA:2,registerUser
FNDA:2,loginUser
FNDA:0,deleteUsers
FNDA:2,isLoggedIn
FNDA:2,getCurrentUser
FNDA:1,logoutUser
FNDA:2,getToken
DA:3,2
DA:4,2
DA:12,2
DA:14,2
DA:15,1
DA:19,1
DA:20,1
DA:22,1
DA:24,1
DA:25,1
DA:31,2
DA:32,2
DA:40,2
DA:42,2
DA:43,1
DA:47,1
DA:48,1
DA:50,1
DA:52,1
DA:53,1
DA:58,0
DA:59,0
DA:60,0
DA:62,0
DA:71,0
DA:73,0
DA:74,0
DA:77,0
DA:79,0
DA:80,0
DA:87,2
DA:92,2
DA:93,2
DA:98,1
DA:99,1
DA:100,1
DA:105,2
DA:108,1
LF:38
LH:28
BRDA:14,0,0,1
BRDA:14,0,1,1
BRDA:15,1,0,1
BRDA:15,1,1,0
BRDA:42,2,0,1
BRDA:42,2,1,1
BRDA:43,3,0,1
BRDA:43,3,1,0
BRDA:60,4,0,0
BRDA:60,4,1,0
BRDA:73,5,0,0
BRDA:73,5,1,0
BRDA:74,6,0,0
BRDA:74,6,1,0
BRDA:93,7,0,1
BRDA:93,7,1,1
BRF:16
BRH:8
end_of_record
